<?xml version="1.0" encoding="UTF-8"?>
<!-- Generated by org.testng.reporters.JUnitReportReporter -->
<testsuite hostname="BYOD-650190" failures="0" tests="1" name="Surumahubtest.CreateTest" time="7.832" errors="0" timestamp="2023-08-07T16:24:48 IST" skipped="0">
  <testcase classname="Surumahubtest.CreateTest" name="register" time="7.832"/>
  <system-out/>
</testsuite> <!-- Surumahubtest.CreateTest -->
